0 info it worked if it ends with ok
1 verbose cli [ 'c:\\Program Files\\nodejs\\node.exe',
1 verbose cli   'c:\\Program Files\\nodejs\\node_modules\\npm\\bin\\npm-cli.js',
1 verbose cli   'install',
1 verbose cli   '--save-dev',
1 verbose cli   'node-bourbon' ]
2 info using npm@1.4.28
3 info using node@v0.10.35
4 verbose readDependencies using package.json deps
5 verbose cache add [ 'node-bourbon', null ]
6 verbose cache add name=undefined spec="node-bourbon" args=["node-bourbon",null]
7 verbose parsed url { protocol: null,
7 verbose parsed url   slashes: null,
7 verbose parsed url   auth: null,
7 verbose parsed url   host: null,
7 verbose parsed url   port: null,
7 verbose parsed url   hostname: null,
7 verbose parsed url   hash: null,
7 verbose parsed url   search: null,
7 verbose parsed url   query: null,
7 verbose parsed url   pathname: 'node-bourbon',
7 verbose parsed url   path: 'node-bourbon',
7 verbose parsed url   href: 'node-bourbon' }
8 silly lockFile 00f7582d-node-bourbon node-bourbon
9 verbose lock node-bourbon C:\Users\hlamba\AppData\Roaming\npm-cache\00f7582d-node-bourbon.lock
10 silly lockFile 00f7582d-node-bourbon node-bourbon
11 silly lockFile 00f7582d-node-bourbon node-bourbon
12 verbose addNamed [ 'node-bourbon', '' ]
13 verbose addNamed [ null, '*' ]
14 silly lockFile bf3cde75-node-bourbon node-bourbon@
15 verbose lock node-bourbon@ C:\Users\hlamba\AppData\Roaming\npm-cache\bf3cde75-node-bourbon.lock
16 silly addNameRange { name: 'node-bourbon', range: '*', hasData: false }
17 verbose request where is /node-bourbon
18 verbose request registry https://registry.npmjs.org/
19 verbose request id a7302d663114b229
20 verbose url raw /node-bourbon
21 verbose url resolving [ 'https://registry.npmjs.org/', './node-bourbon' ]
22 verbose url resolved https://registry.npmjs.org/node-bourbon
23 verbose request where is https://registry.npmjs.org/node-bourbon
24 info trying registry request attempt 1 at 10:06:11
25 http GET https://registry.npmjs.org/node-bourbon
26 http 200 https://registry.npmjs.org/node-bourbon
27 silly registry.get cb [ 200,
27 silly registry.get   { date: 'Thu, 22 Jan 2015 04:36:11 GMT',
27 silly registry.get     server: 'CouchDB/1.5.0 (Erlang OTP/R16B03)',
27 silly registry.get     etag: '"EUZ4FRNCM02Z7K61QY2CKW7JT"',
27 silly registry.get     'content-type': 'application/json',
27 silly registry.get     'cache-control': 'max-age=60',
27 silly registry.get     'content-length': '13479',
27 silly registry.get     'accept-ranges': 'bytes',
27 silly registry.get     via: '1.1 varnish',
27 silly registry.get     age: '0',
27 silly registry.get     'x-served-by': 'cache-sn88-SIN',
27 silly registry.get     'x-cache': 'MISS',
27 silly registry.get     'x-cache-hits': '0',
27 silly registry.get     'x-timer': 'S1421901371.425900,VS0,VE480',
27 silly registry.get     vary: 'Accept',
27 silly registry.get     'keep-alive': 'timeout=10, max=50',
27 silly registry.get     connection: 'Keep-Alive' } ]
28 silly addNameRange number 2 { name: 'node-bourbon', range: '*', hasData: true }
29 silly addNameRange versions [ 'node-bourbon',
29 silly addNameRange   [ '0.1.0', '1.0.0', '1.1.0', '1.2.1', '1.2.2', '1.2.3' ] ]
30 verbose addNamed [ 'node-bourbon', '1.2.3' ]
31 verbose addNamed [ '1.2.3', '1.2.3' ]
32 silly lockFile fd9b58c5-node-bourbon-1-2-3 node-bourbon@1.2.3
33 verbose lock node-bourbon@1.2.3 C:\Users\hlamba\AppData\Roaming\npm-cache\fd9b58c5-node-bourbon-1-2-3.lock
34 silly lockFile a1dd7375-e-bourbon-node-bourbon-1-2-3-tgz https://registry.npmjs.org/node-bourbon/-/node-bourbon-1.2.3.tgz
35 verbose lock https://registry.npmjs.org/node-bourbon/-/node-bourbon-1.2.3.tgz C:\Users\hlamba\AppData\Roaming\npm-cache\a1dd7375-e-bourbon-node-bourbon-1-2-3-tgz.lock
36 verbose addRemoteTarball [ 'https://registry.npmjs.org/node-bourbon/-/node-bourbon-1.2.3.tgz',
36 verbose addRemoteTarball   '4ddd125dfca0d4ad6c3555ba9b6a15c12e60f6bd' ]
37 info retry fetch attempt 1 at 10:06:13
38 verbose fetch to= C:\Users\hlamba\AppData\Local\Temp\npm-9728-bT7IiPeM\registry.npmjs.org\node-bourbon\-\node-bourbon-1.2.3.tgz
39 http GET https://registry.npmjs.org/node-bourbon/-/node-bourbon-1.2.3.tgz
40 http 400 https://registry.npmjs.org/node-bourbon/-/node-bourbon-1.2.3.tgz
41 error fetch failed https://registry.npmjs.org/node-bourbon/-/node-bourbon-1.2.3.tgz
42 silly lockFile a1dd7375-e-bourbon-node-bourbon-1-2-3-tgz https://registry.npmjs.org/node-bourbon/-/node-bourbon-1.2.3.tgz
43 silly lockFile a1dd7375-e-bourbon-node-bourbon-1-2-3-tgz https://registry.npmjs.org/node-bourbon/-/node-bourbon-1.2.3.tgz
44 silly lockFile fd9b58c5-node-bourbon-1-2-3 node-bourbon@1.2.3
45 silly lockFile fd9b58c5-node-bourbon-1-2-3 node-bourbon@1.2.3
46 silly lockFile bf3cde75-node-bourbon node-bourbon@
47 silly lockFile bf3cde75-node-bourbon node-bourbon@
48 error Error: 400 Bad Request
48 error     at WriteStream.<anonymous> (c:\Program Files\nodejs\node_modules\npm\lib\utils\fetch.js:58:12)
48 error     at WriteStream.emit (events.js:117:20)
48 error     at evalmachine.<anonymous>:1610:14
48 error     at c:\Program Files\nodejs\node_modules\npm\node_modules\graceful-fs\graceful-fs.js:102:5
48 error     at Object.oncomplete (evalmachine.<anonymous>:108:15)
49 error If you need help, you may report this *entire* log,
49 error including the npm and node versions, at:
49 error     <http://github.com/npm/npm/issues>
50 error System Windows_NT 6.1.7601
51 error command "c:\\Program Files\\nodejs\\node.exe" "c:\\Program Files\\nodejs\\node_modules\\npm\\bin\\npm-cli.js" "install" "--save-dev" "node-bourbon"
52 error cwd D:\Personal\Project\harsh18.github.io
53 error node -v v0.10.35
54 error npm -v 1.4.28
55 verbose exit [ 1, true ]
